Performing C SOURCE FILE Test CMAKE_HAVE_LIBC_PTHREAD failed with the following output:
Change Dir: /home/zhou/Desktop/code/git/ctp_trader/build_night/CMakeFiles/CMakeTmp

Run Build Command(s):/usr/bin/gmake cmTC_5873d/fast && /usr/bin/gmake -f CMakeFiles/cmTC_5873d.dir/build.make CMakeFiles/cmTC_5873d.dir/build
gmake[1]: Entering directory '/home/zhou/Desktop/code/git/ctp_trader/build_night/CMakeFiles/CMakeTmp'
Building C object CMakeFiles/cmTC_5873d.dir/src.c.o
/usr/bin/cc   -DCMAKE_HAVE_LIBC_PTHREAD   -o CMakeFiles/cmTC_5873d.dir/src.c.o   -c /home/zhou/Desktop/code/git/ctp_trader/build_night/CMakeFiles/CMakeTmp/src.c
Linking C executable cmTC_5873d
/usr/bin/cmake -E cmake_link_script CMakeFiles/cmTC_5873d.dir/link.txt --verbose=1
/usr/bin/cc  -DCMAKE_HAVE_LIBC_PTHREAD    CMakeFiles/cmTC_5873d.dir/src.c.o  -o cmTC_5873d 
/usr/bin/ld: CMakeFiles/cmTC_5873d.dir/src.c.o: in function `main':
src.c:(.text+0x46): undefined reference to `pthread_create'
/usr/bin/ld: src.c:(.text+0x52): undefined reference to `pthread_detach'
/usr/bin/ld: src.c:(.text+0x63): undefined reference to `pthread_join'
collect2: error: ld returned 1 exit status
gmake[1]: *** [CMakeFiles/cmTC_5873d.dir/build.make:87: cmTC_5873d] Error 1
gmake[1]: Leaving directory '/home/zhou/Desktop/code/git/ctp_trader/build_night/CMakeFiles/CMakeTmp'
gmake: *** [Makefile:121: cmTC_5873d/fast] Error 2


Source file was:
#include <pthread.h>

void* test_func(void* data)
{
  return data;
}

int main(void)
{
  pthread_t thread;
  pthread_create(&thread, NULL, test_func, NULL);
  pthread_detach(thread);
  pthread_join(thread, NULL);
  pthread_atfork(NULL, NULL, NULL);
  pthread_exit(NULL);

  return 0;
}

Determining if the function pthread_create exists in the pthreads failed with the following output:
Change Dir: /home/zhou/Desktop/code/git/ctp_trader/build_night/CMakeFiles/CMakeTmp

Run Build Command(s):/usr/bin/gmake cmTC_93528/fast && /usr/bin/gmake -f CMakeFiles/cmTC_93528.dir/build.make CMakeFiles/cmTC_93528.dir/build
gmake[1]: Entering directory '/home/zhou/Desktop/code/git/ctp_trader/build_night/CMakeFiles/CMakeTmp'
Building C object CMakeFiles/cmTC_93528.dir/CheckFunctionExists.c.o
/usr/bin/cc   -DCHECK_FUNCTION_EXISTS=pthread_create   -o CMakeFiles/cmTC_93528.dir/CheckFunctionExists.c.o   -c /usr/share/cmake-3.16/Modules/CheckFunctionExists.c
Linking C executable cmTC_93528
/usr/bin/cmake -E cmake_link_script CMakeFiles/cmTC_93528.dir/link.txt --verbose=1
/usr/bin/cc  -DCHECK_FUNCTION_EXISTS=pthread_create    CMakeFiles/cmTC_93528.dir/CheckFunctionExists.c.o  -o cmTC_93528  -lpthreads 
/usr/bin/ld: cannot find -lpthreads
collect2: error: ld returned 1 exit status
gmake[1]: *** [CMakeFiles/cmTC_93528.dir/build.make:87: cmTC_93528] Error 1
gmake[1]: Leaving directory '/home/zhou/Desktop/code/git/ctp_trader/build_night/CMakeFiles/CMakeTmp'
gmake: *** [Makefile:121: cmTC_93528/fast] Error 2



